<?xml version="1.0" encoding="UTF-8"?>
<!-- Generated by org.testng.reporters.JUnitXMLReporter -->
<testsuite ignored="0" hostname="RR19-MB34.local" failures="0" tests="3" name="Default test" time="43.202" errors="0" timestamp="2020-06-15T20:55:22 EDT">
  <testcase classname="com.bunchapp.testCases.RegistrationUsingPhoneNumberTest" name="validateUserMustNotbeAbleToInputSpecialChars" time="9.341"/>
  <testcase classname="com.bunchapp.testCases.RegistrationUsingPhoneNumberTest" name="EnterValidPhoneNumberAndClickContinue" time="10.569"/>
  <testcase classname="com.bunchapp.testCases.RegistrationUsingPhoneNumberTest" name="EnterInvalidPhoneNumber" time="10.852"/>
</testsuite> <!-- Default test -->
