<?xml version="1.0" encoding="UTF-8"?>
<testng-results ignored="3" total="14" passed="8" failed="3" skipped="0">
  <reporter-output>
  </reporter-output>
  <suite started-at="2020-06-16T10:51:17 EDT" name="bunchapptestsuite" finished-at="2020-06-16T10:53:34 EDT" duration-ms="136916">
    <groups>
    </groups>
    <test started-at="2020-06-16T10:51:17 EDT" name="bunchapptests" finished-at="2020-06-16T10:53:34 EDT" duration-ms="136916">
      <class name="com.bunchapp.testCases.RegistrationPageCountryTest">
        <test-method is-config="true" signature="setUp()[pri:0, instance:com.bunchapp.testCases.RegistrationPageCountryTest@1329eff]" started-at="2020-06-16T10:52:00 EDT" name="setUp" finished-at="2020-06-16T10:52:10 EDT" duration-ms="10034" status="PASS">
          <reporter-output>
          </reporter-output>
        </test-method> <!-- setUp -->
        <test-method signature="validateDefaultCountry()[pri:3, instance:com.bunchapp.testCases.RegistrationPageCountryTest@1329eff]" started-at="2020-06-16T10:52:10 EDT" name="validateDefaultCountry" finished-at="2020-06-16T10:52:18 EDT" duration-ms="7384" status="PASS">
          <reporter-output>
          </reporter-output>
        </test-method> <!-- validateDefaultCountry -->
        <test-method signature="clickOnCountryCodebuttonSuccessfull()[pri:4, instance:com.bunchapp.testCases.RegistrationPageCountryTest@1329eff]" started-at="2020-06-16T10:52:18 EDT" name="clickOnCountryCodebuttonSuccessfull" finished-at="2020-06-16T10:52:20 EDT" duration-ms="2004" status="PASS">
          <reporter-output>
          </reporter-output>
        </test-method> <!-- clickOnCountryCodebuttonSuccessfull -->
        <test-method signature="validateCountrySelection()[pri:5, instance:com.bunchapp.testCases.RegistrationPageCountryTest@1329eff]" started-at="2020-06-16T10:52:20 EDT" name="validateCountrySelection" finished-at="2020-06-16T10:52:22 EDT" duration-ms="2601" status="PASS">
          <reporter-output>
          </reporter-output>
        </test-method> <!-- validateCountrySelection -->
        <test-method is-config="true" signature="tearDown()[pri:0, instance:com.bunchapp.testCases.RegistrationPageCountryTest@1329eff]" started-at="2020-06-16T10:52:22 EDT" name="tearDown" finished-at="2020-06-16T10:52:23 EDT" duration-ms="455" status="PASS">
          <reporter-output>
          </reporter-output>
        </test-method> <!-- tearDown -->
      </class> <!-- com.bunchapp.testCases.RegistrationPageCountryTest -->
      <class name="com.bunchapp.testCases.RegistrationUsingPhoneNumberTest">
        <test-method is-config="true" signature="setUp()[pri:0, instance:com.bunchapp.testCases.RegistrationUsingPhoneNumberTest@41c2284a]" started-at="2020-06-16T10:52:54 EDT" name="setUp" finished-at="2020-06-16T10:53:04 EDT" duration-ms="10214" status="PASS">
          <reporter-output>
          </reporter-output>
        </test-method> <!-- setUp -->
        <test-method signature="validateSpecialCharsNotAllowed()[pri:9, instance:com.bunchapp.testCases.RegistrationUsingPhoneNumberTest@41c2284a]" started-at="2020-06-16T10:53:04 EDT" name="validateSpecialCharsNotAllowed" finished-at="2020-06-16T10:53:12 EDT" duration-ms="8076" status="PASS">
          <reporter-output>
          </reporter-output>
        </test-method> <!-- validateSpecialCharsNotAllowed -->
        <test-method signature="validPhoneNumberRegistration()[pri:10, instance:com.bunchapp.testCases.RegistrationUsingPhoneNumberTest@41c2284a]" started-at="2020-06-16T10:53:12 EDT" name="validPhoneNumberRegistration" finished-at="2020-06-16T10:53:23 EDT" duration-ms="10402" status="PASS">
          <reporter-output>
          </reporter-output>
        </test-method> <!-- validPhoneNumberRegistration -->
        <test-method signature="invalidPhoneNumberRegistration()[pri:11, instance:com.bunchapp.testCases.RegistrationUsingPhoneNumberTest@41c2284a]" started-at="2020-06-16T10:53:23 EDT" name="invalidPhoneNumberRegistration" finished-at="2020-06-16T10:53:33 EDT" duration-ms="10595" status="PASS">
          <reporter-output>
          </reporter-output>
        </test-method> <!-- invalidPhoneNumberRegistration -->
        <test-method is-config="true" signature="tearDown()[pri:0, instance:com.bunchapp.testCases.RegistrationUsingPhoneNumberTest@41c2284a]" started-at="2020-06-16T10:53:33 EDT" name="tearDown" finished-at="2020-06-16T10:53:34 EDT" duration-ms="468" status="PASS">
          <reporter-output>
          </reporter-output>
        </test-method> <!-- tearDown -->
      </class> <!-- com.bunchapp.testCases.RegistrationUsingPhoneNumberTest -->
      <class name="com.bunchapp.testCases.FilterCountryTest">
        <test-method is-config="true" signature="setUp()[pri:0, instance:com.bunchapp.testCases.FilterCountryTest@6497b078]" started-at="2020-06-16T10:52:23 EDT" name="setUp" finished-at="2020-06-16T10:52:34 EDT" duration-ms="11375" status="PASS">
          <reporter-output>
          </reporter-output>
        </test-method> <!-- setUp -->
        <test-method signature="validateCountryFilter()[pri:6, instance:com.bunchapp.testCases.FilterCountryTest@6497b078]" started-at="2020-06-16T10:52:34 EDT" name="validateCountryFilter" finished-at="2020-06-16T10:52:48 EDT" duration-ms="14069" status="PASS">
          <reporter-output>
          </reporter-output>
        </test-method> <!-- validateCountryFilter -->
        <test-method signature="validateFilterSpecialCharacters()[pri:7, instance:com.bunchapp.testCases.FilterCountryTest@6497b078]" started-at="2020-06-16T10:52:48 EDT" name="validateFilterSpecialCharacters" finished-at="2020-06-16T10:52:53 EDT" duration-ms="4563" status="FAIL">
          <exception class="java.lang.AssertionError">
            <message>
              <![CDATA[The Test case has failed as suggestions are still returned on the page expected [true] but found [false]]]>
            </message>
            <full-stacktrace>
              <![CDATA[java.lang.AssertionError: The Test case has failed as suggestions are still returned on the page expected [true] but found [false]
at org.testng.Assert.fail(Assert.java:97)
at org.testng.Assert.failNotEquals(Assert.java:969)
at org.testng.Assert.assertTrue(Assert.java:43)
at com.bunchapp.testCases.FilterCountryTest.validateFilterSpecialCharacters(FilterCountryTest.java:70)
at java.base/jdk.internal.reflect.NativeMethodAccessorImpl.invoke0(Native Method)
at java.base/jdk.internal.reflect.NativeMethodAccessorImpl.invoke(NativeMethodAccessorImpl.java:62)
at java.base/jdk.internal.reflect.DelegatingMethodAccessorImpl.invoke(DelegatingMethodAccessorImpl.java:43)
at java.base/java.lang.reflect.Method.invoke(Method.java:566)
at org.testng.internal.MethodInvocationHelper.invokeMethod(MethodInvocationHelper.java:134)
at org.testng.internal.TestInvoker.invokeMethod(TestInvoker.java:597)
at org.testng.internal.TestInvoker.invokeTestMethod(TestInvoker.java:173)
at org.testng.internal.MethodRunner.runInSequence(MethodRunner.java:46)
at org.testng.internal.TestInvoker$MethodInvocationAgent.invoke(TestInvoker.java:816)
at org.testng.internal.TestInvoker.invokeTestMethods(TestInvoker.java:146)
at org.testng.internal.TestMethodWorker.invokeTestMethods(TestMethodWorker.java:146)
at org.testng.internal.TestMethodWorker.run(TestMethodWorker.java:128)
at java.base/java.util.ArrayList.forEach(ArrayList.java:1540)
at org.testng.TestRunner.privateRun(TestRunner.java:766)
at org.testng.TestRunner.run(TestRunner.java:587)
at org.testng.SuiteRunner.runTest(SuiteRunner.java:384)
at org.testng.SuiteRunner.runSequentially(SuiteRunner.java:378)
at org.testng.SuiteRunner.privateRun(SuiteRunner.java:337)
at org.testng.SuiteRunner.run(SuiteRunner.java:286)
at org.testng.SuiteRunnerWorker.runSuite(SuiteRunnerWorker.java:53)
at org.testng.SuiteRunnerWorker.run(SuiteRunnerWorker.java:96)
at org.testng.TestNG.runSuitesSequentially(TestNG.java:1187)
at org.testng.TestNG.runSuitesLocally(TestNG.java:1109)
at org.testng.TestNG.runSuites(TestNG.java:1039)
at org.testng.TestNG.run(TestNG.java:1007)
at org.testng.remote.AbstractRemoteTestNG.run(AbstractRemoteTestNG.java:115)
at org.testng.remote.RemoteTestNG.initAndRun(RemoteTestNG.java:251)
at org.testng.remote.RemoteTestNG.main(RemoteTestNG.java:77)
]]>
            </full-stacktrace>
          </exception> <!-- java.lang.AssertionError -->
          <reporter-output>
          </reporter-output>
        </test-method> <!-- validateFilterSpecialCharacters -->
        <test-method signature="validateCloseButton()[pri:8, instance:com.bunchapp.testCases.FilterCountryTest@6497b078]" started-at="2020-06-16T10:52:53 EDT" name="validateCloseButton" finished-at="2020-06-16T10:52:54 EDT" duration-ms="1100" status="PASS">
          <reporter-output>
          </reporter-output>
        </test-method> <!-- validateCloseButton -->
        <test-method is-config="true" signature="tearDown()[pri:0, instance:com.bunchapp.testCases.FilterCountryTest@6497b078]" started-at="2020-06-16T10:52:54 EDT" name="tearDown" finished-at="2020-06-16T10:52:54 EDT" duration-ms="464" status="PASS">
          <reporter-output>
          </reporter-output>
        </test-method> <!-- tearDown -->
      </class> <!-- com.bunchapp.testCases.FilterCountryTest -->
      <class name="com.bunchapp.testCases.OnboardingOptionsTest">
        <test-method is-config="true" signature="setup()[pri:0, instance:com.bunchapp.testCases.OnboardingOptionsTest@c03cf28]" started-at="2020-06-16T10:51:17 EDT" name="setup" finished-at="2020-06-16T10:51:17 EDT" duration-ms="19" status="PASS">
          <reporter-output>
          </reporter-output>
        </test-method> <!-- setup -->
        <test-method is-config="true" signature="setUp()[pri:0, instance:com.bunchapp.testCases.OnboardingOptionsTest@c03cf28]" started-at="2020-06-16T10:51:17 EDT" name="setUp" finished-at="2020-06-16T10:51:28 EDT" duration-ms="10852" status="PASS">
          <reporter-output>
          </reporter-output>
        </test-method> <!-- setUp -->
        <test-method signature="validateContinueButton()[pri:1, instance:com.bunchapp.testCases.OnboardingOptionsTest@c03cf28]" started-at="2020-06-16T10:51:28 EDT" name="validateContinueButton" finished-at="2020-06-16T10:51:44 EDT" duration-ms="15931" status="FAIL">
          <exception class="org.openqa.selenium.WebDriverException">
            <message>
              <![CDATA[An unknown server-side error occurred while processing the command. Original error: io.appium.uiautomator2.common.exceptions.UiAutomator2Exception: Timed out after 10000 milliseconds waiting for root AccessibilityNodeInfo
Build info: version: '3.141.59', revision: 'e82be7d358', time: '2018-11-14T08:17:03'
System info: host: 'RR19-MB34.local', ip: '2601:86:600:5040:0:0:0:702b%en0', os.name: 'Mac OS X', os.arch: 'x86_64', os.version: '10.14.3', java.version: '11.0.2'
Driver info: io.appium.java_client.android.AndroidDriver
Capabilities {app: /Users/Anand/git/BunchApp_A..., appActivity: live.bunch.group.video.chat..., appPackage: live.bunch.group.video.chat..., automationName: Appium, databaseEnabled: false, desired: {app: /Users/Anand/git/BunchApp_A..., appActivity: live.bunch.group.video.chat..., appPackage: live.bunch.group.video.chat..., automationName: Appium, deviceName: OnePlus 5T, newCommandTimeout: 60, platformName: android, platformVersion: 9.0, udid: a62f14be}, deviceApiLevel: 28, deviceManufacturer: OnePlus, deviceModel: ONEPLUS A5010, deviceName: a62f14be, deviceScreenDensity: 380, deviceScreenSize: 1080x2160, deviceUDID: a62f14be, javascriptEnabled: true, locationContextEnabled: false, networkConnectionEnabled: true, newCommandTimeout: 60, pixelRatio: 2.375, platform: LINUX, platformName: Android, platformVersion: 9, statBarHeight: 57, takesScreenshot: true, udid: a62f14be, viewportRect: {height: 1989, left: 0, top: 57, width: 1080}, warnings: {}, webStorageEnabled: false}
Session ID: a7608800-1cf3-45ed-badf-1022346b7cf2
*** Element info: {Using=xpath, value=//*[(@text = 'Continue with SMS')]}]]>
            </message>
            <full-stacktrace>
              <![CDATA[org.openqa.selenium.WebDriverException: An unknown server-side error occurred while processing the command. Original error: io.appium.uiautomator2.common.exceptions.UiAutomator2Exception: Timed out after 10000 milliseconds waiting for root AccessibilityNodeInfo
Build info: version: '3.141.59', revision: 'e82be7d358', time: '2018-11-14T08:17:03'
System info: host: 'RR19-MB34.local', ip: '2601:86:600:5040:0:0:0:702b%en0', os.name: 'Mac OS X', os.arch: 'x86_64', os.version: '10.14.3', java.version: '11.0.2'
Driver info: io.appium.java_client.android.AndroidDriver
Capabilities {app: /Users/Anand/git/BunchApp_A..., appActivity: live.bunch.group.video.chat..., appPackage: live.bunch.group.video.chat..., automationName: Appium, databaseEnabled: false, desired: {app: /Users/Anand/git/BunchApp_A..., appActivity: live.bunch.group.video.chat..., appPackage: live.bunch.group.video.chat..., automationName: Appium, deviceName: OnePlus 5T, newCommandTimeout: 60, platformName: android, platformVersion: 9.0, udid: a62f14be}, deviceApiLevel: 28, deviceManufacturer: OnePlus, deviceModel: ONEPLUS A5010, deviceName: a62f14be, deviceScreenDensity: 380, deviceScreenSize: 1080x2160, deviceUDID: a62f14be, javascriptEnabled: true, locationContextEnabled: false, networkConnectionEnabled: true, newCommandTimeout: 60, pixelRatio: 2.375, platform: LINUX, platformName: Android, platformVersion: 9, statBarHeight: 57, takesScreenshot: true, udid: a62f14be, viewportRect: {height: 1989, left: 0, top: 57, width: 1080}, warnings: {}, webStorageEnabled: false}
Session ID: a7608800-1cf3-45ed-badf-1022346b7cf2
*** Element info: {Using=xpath, value=//*[(@text = 'Continue with SMS')]}
at java.base/jdk.internal.reflect.NativeConstructorAccessorImpl.newInstance0(Native Method)
at java.base/jdk.internal.reflect.NativeConstructorAccessorImpl.newInstance(NativeConstructorAccessorImpl.java:62)
at java.base/jdk.internal.reflect.DelegatingConstructorAccessorImpl.newInstance(DelegatingConstructorAccessorImpl.java:45)
at java.base/java.lang.reflect.Constructor.newInstance(Constructor.java:490)
at org.openqa.selenium.remote.http.W3CHttpResponseCodec.createException(W3CHttpResponseCodec.java:187)
at org.openqa.selenium.remote.http.W3CHttpResponseCodec.decode(W3CHttpResponseCodec.java:122)
at org.openqa.selenium.remote.http.W3CHttpResponseCodec.decode(W3CHttpResponseCodec.java:49)
at org.openqa.selenium.remote.HttpCommandExecutor.execute(HttpCommandExecutor.java:158)
at io.appium.java_client.remote.AppiumCommandExecutor.execute(AppiumCommandExecutor.java:239)
at org.openqa.selenium.remote.RemoteWebDriver.execute(RemoteWebDriver.java:552)
at io.appium.java_client.DefaultGenericMobileDriver.execute(DefaultGenericMobileDriver.java:41)
at io.appium.java_client.AppiumDriver.execute(AppiumDriver.java:1)
at io.appium.java_client.android.AndroidDriver.execute(AndroidDriver.java:1)
at org.openqa.selenium.remote.RemoteWebDriver.findElement(RemoteWebDriver.java:323)
at io.appium.java_client.DefaultGenericMobileDriver.findElement(DefaultGenericMobileDriver.java:61)
at io.appium.java_client.AppiumDriver.findElement(AppiumDriver.java:1)
at io.appium.java_client.android.AndroidDriver.findElement(AndroidDriver.java:1)
at org.openqa.selenium.remote.RemoteWebDriver.findElementByXPath(RemoteWebDriver.java:428)
at io.appium.java_client.DefaultGenericMobileDriver.findElementByXPath(DefaultGenericMobileDriver.java:151)
at io.appium.java_client.AppiumDriver.findElementByXPath(AppiumDriver.java:1)
at io.appium.java_client.android.AndroidDriver.findElementByXPath(AndroidDriver.java:1)
at org.openqa.selenium.By$ByXPath.findElement(By.java:353)
at org.openqa.selenium.remote.RemoteWebDriver.findElement(RemoteWebDriver.java:315)
at io.appium.java_client.DefaultGenericMobileDriver.findElement(DefaultGenericMobileDriver.java:57)
at io.appium.java_client.AppiumDriver.findElement(AppiumDriver.java:1)
at io.appium.java_client.android.AndroidDriver.findElement(AndroidDriver.java:1)
at com.bunchapp.testCases.OnboardingOptionsTest.validateContinueButton(OnboardingOptionsTest.java:23)
at java.base/jdk.internal.reflect.NativeMethodAccessorImpl.invoke0(Native Method)
at java.base/jdk.internal.reflect.NativeMethodAccessorImpl.invoke(NativeMethodAccessorImpl.java:62)
at java.base/jdk.internal.reflect.DelegatingMethodAccessorImpl.invoke(DelegatingMethodAccessorImpl.java:43)
at java.base/java.lang.reflect.Method.invoke(Method.java:566)
at org.testng.internal.MethodInvocationHelper.invokeMethod(MethodInvocationHelper.java:134)
at org.testng.internal.TestInvoker.invokeMethod(TestInvoker.java:597)
at org.testng.internal.TestInvoker.invokeTestMethod(TestInvoker.java:173)
at org.testng.internal.MethodRunner.runInSequence(MethodRunner.java:46)
at org.testng.internal.TestInvoker$MethodInvocationAgent.invoke(TestInvoker.java:816)
at org.testng.internal.TestInvoker.invokeTestMethods(TestInvoker.java:146)
at org.testng.internal.TestMethodWorker.invokeTestMethods(TestMethodWorker.java:146)
at org.testng.internal.TestMethodWorker.run(TestMethodWorker.java:128)
at java.base/java.util.ArrayList.forEach(ArrayList.java:1540)
at org.testng.TestRunner.privateRun(TestRunner.java:766)
at org.testng.TestRunner.run(TestRunner.java:587)
at org.testng.SuiteRunner.runTest(SuiteRunner.java:384)
at org.testng.SuiteRunner.runSequentially(SuiteRunner.java:378)
at org.testng.SuiteRunner.privateRun(SuiteRunner.java:337)
at org.testng.SuiteRunner.run(SuiteRunner.java:286)
at org.testng.SuiteRunnerWorker.runSuite(SuiteRunnerWorker.java:53)
at org.testng.SuiteRunnerWorker.run(SuiteRunnerWorker.java:96)
at org.testng.TestNG.runSuitesSequentially(TestNG.java:1187)
at org.testng.TestNG.runSuitesLocally(TestNG.java:1109)
at org.testng.TestNG.runSuites(TestNG.java:1039)
at org.testng.TestNG.run(TestNG.java:1007)
at org.testng.remote.AbstractRemoteTestNG.run(AbstractRemoteTestNG.java:115)
at org.testng.remote.RemoteTestNG.initAndRun(RemoteTestNG.java:251)
at org.testng.remote.RemoteTestNG.main(RemoteTestNG.java:77)
]]>
            </full-stacktrace>
          </exception> <!-- org.openqa.selenium.WebDriverException -->
          <reporter-output>
          </reporter-output>
        </test-method> <!-- validateContinueButton -->
        <test-method signature="validateRegistrationPageContent()[pri:2, instance:com.bunchapp.testCases.OnboardingOptionsTest@c03cf28]" started-at="2020-06-16T10:51:44 EDT" name="validateRegistrationPageContent" finished-at="2020-06-16T10:52:00 EDT" duration-ms="15645" status="FAIL">
          <exception class="org.openqa.selenium.WebDriverException">
            <message>
              <![CDATA[An unknown server-side error occurred while processing the command. Original error: io.appium.uiautomator2.common.exceptions.UiAutomator2Exception: Timed out after 10000 milliseconds waiting for root AccessibilityNodeInfo
Build info: version: '3.141.59', revision: 'e82be7d358', time: '2018-11-14T08:17:03'
System info: host: 'RR19-MB34.local', ip: '2601:86:600:5040:0:0:0:702b%en0', os.name: 'Mac OS X', os.arch: 'x86_64', os.version: '10.14.3', java.version: '11.0.2'
Driver info: io.appium.java_client.android.AndroidDriver
Capabilities {app: /Users/Anand/git/BunchApp_A..., appActivity: live.bunch.group.video.chat..., appPackage: live.bunch.group.video.chat..., automationName: Appium, databaseEnabled: false, desired: {app: /Users/Anand/git/BunchApp_A..., appActivity: live.bunch.group.video.chat..., appPackage: live.bunch.group.video.chat..., automationName: Appium, deviceName: OnePlus 5T, newCommandTimeout: 60, platformName: android, platformVersion: 9.0, udid: a62f14be}, deviceApiLevel: 28, deviceManufacturer: OnePlus, deviceModel: ONEPLUS A5010, deviceName: a62f14be, deviceScreenDensity: 380, deviceScreenSize: 1080x2160, deviceUDID: a62f14be, javascriptEnabled: true, locationContextEnabled: false, networkConnectionEnabled: true, newCommandTimeout: 60, pixelRatio: 2.375, platform: LINUX, platformName: Android, platformVersion: 9, statBarHeight: 57, takesScreenshot: true, udid: a62f14be, viewportRect: {height: 1989, left: 0, top: 57, width: 1080}, warnings: {}, webStorageEnabled: false}
Session ID: a7608800-1cf3-45ed-badf-1022346b7cf2
*** Element info: {Using=xpath, value=/hierarchy/android.widget.FrameLayout/android.widget.LinearLayout/android.widget.FrameLayout/android.widget.LinearLayout/android.widget.FrameLayout/android.widget.FrameLayout/android.view.ViewGroup/android.view.ViewGroup[2]/android.view.ViewGroup/android.view.ViewGroup/android.view.ViewGroup[2]/android.view.ViewGroup[2]/android.view.ViewGroup/android.view.ViewGroup/android.widget.TextView}]]>
            </message>
            <full-stacktrace>
              <![CDATA[org.openqa.selenium.WebDriverException: An unknown server-side error occurred while processing the command. Original error: io.appium.uiautomator2.common.exceptions.UiAutomator2Exception: Timed out after 10000 milliseconds waiting for root AccessibilityNodeInfo
Build info: version: '3.141.59', revision: 'e82be7d358', time: '2018-11-14T08:17:03'
System info: host: 'RR19-MB34.local', ip: '2601:86:600:5040:0:0:0:702b%en0', os.name: 'Mac OS X', os.arch: 'x86_64', os.version: '10.14.3', java.version: '11.0.2'
Driver info: io.appium.java_client.android.AndroidDriver
Capabilities {app: /Users/Anand/git/BunchApp_A..., appActivity: live.bunch.group.video.chat..., appPackage: live.bunch.group.video.chat..., automationName: Appium, databaseEnabled: false, desired: {app: /Users/Anand/git/BunchApp_A..., appActivity: live.bunch.group.video.chat..., appPackage: live.bunch.group.video.chat..., automationName: Appium, deviceName: OnePlus 5T, newCommandTimeout: 60, platformName: android, platformVersion: 9.0, udid: a62f14be}, deviceApiLevel: 28, deviceManufacturer: OnePlus, deviceModel: ONEPLUS A5010, deviceName: a62f14be, deviceScreenDensity: 380, deviceScreenSize: 1080x2160, deviceUDID: a62f14be, javascriptEnabled: true, locationContextEnabled: false, networkConnectionEnabled: true, newCommandTimeout: 60, pixelRatio: 2.375, platform: LINUX, platformName: Android, platformVersion: 9, statBarHeight: 57, takesScreenshot: true, udid: a62f14be, viewportRect: {height: 1989, left: 0, top: 57, width: 1080}, warnings: {}, webStorageEnabled: false}
Session ID: a7608800-1cf3-45ed-badf-1022346b7cf2
*** Element info: {Using=xpath, value=/hierarchy/android.widget.FrameLayout/android.widget.LinearLayout/android.widget.FrameLayout/android.widget.LinearLayout/android.widget.FrameLayout/android.widget.FrameLayout/android.view.ViewGroup/android.view.ViewGroup[2]/android.view.ViewGroup/android.view.ViewGroup/android.view.ViewGroup[2]/android.view.ViewGroup[2]/android.view.ViewGroup/android.view.ViewGroup/android.widget.TextView}
at java.base/jdk.internal.reflect.NativeConstructorAccessorImpl.newInstance0(Native Method)
at java.base/jdk.internal.reflect.NativeConstructorAccessorImpl.newInstance(NativeConstructorAccessorImpl.java:62)
at java.base/jdk.internal.reflect.DelegatingConstructorAccessorImpl.newInstance(DelegatingConstructorAccessorImpl.java:45)
at java.base/java.lang.reflect.Constructor.newInstance(Constructor.java:490)
at org.openqa.selenium.remote.http.W3CHttpResponseCodec.createException(W3CHttpResponseCodec.java:187)
at org.openqa.selenium.remote.http.W3CHttpResponseCodec.decode(W3CHttpResponseCodec.java:122)
at org.openqa.selenium.remote.http.W3CHttpResponseCodec.decode(W3CHttpResponseCodec.java:49)
at org.openqa.selenium.remote.HttpCommandExecutor.execute(HttpCommandExecutor.java:158)
at io.appium.java_client.remote.AppiumCommandExecutor.execute(AppiumCommandExecutor.java:239)
at org.openqa.selenium.remote.RemoteWebDriver.execute(RemoteWebDriver.java:552)
at io.appium.java_client.DefaultGenericMobileDriver.execute(DefaultGenericMobileDriver.java:41)
at io.appium.java_client.AppiumDriver.execute(AppiumDriver.java:1)
at io.appium.java_client.android.AndroidDriver.execute(AndroidDriver.java:1)
at org.openqa.selenium.remote.RemoteWebDriver.findElement(RemoteWebDriver.java:323)
at io.appium.java_client.DefaultGenericMobileDriver.findElement(DefaultGenericMobileDriver.java:61)
at io.appium.java_client.AppiumDriver.findElement(AppiumDriver.java:1)
at io.appium.java_client.android.AndroidDriver.findElement(AndroidDriver.java:1)
at org.openqa.selenium.remote.RemoteWebDriver.findElementByXPath(RemoteWebDriver.java:428)
at io.appium.java_client.DefaultGenericMobileDriver.findElementByXPath(DefaultGenericMobileDriver.java:151)
at io.appium.java_client.AppiumDriver.findElementByXPath(AppiumDriver.java:1)
at io.appium.java_client.android.AndroidDriver.findElementByXPath(AndroidDriver.java:1)
at org.openqa.selenium.By$ByXPath.findElement(By.java:353)
at org.openqa.selenium.remote.RemoteWebDriver.findElement(RemoteWebDriver.java:315)
at io.appium.java_client.DefaultGenericMobileDriver.findElement(DefaultGenericMobileDriver.java:57)
at io.appium.java_client.AppiumDriver.findElement(AppiumDriver.java:1)
at io.appium.java_client.android.AndroidDriver.findElement(AndroidDriver.java:1)
at com.bunchapp.testCases.OnboardingOptionsTest.validateRegistrationPageContent(OnboardingOptionsTest.java:36)
at java.base/jdk.internal.reflect.NativeMethodAccessorImpl.invoke0(Native Method)
at java.base/jdk.internal.reflect.NativeMethodAccessorImpl.invoke(NativeMethodAccessorImpl.java:62)
at java.base/jdk.internal.reflect.DelegatingMethodAccessorImpl.invoke(DelegatingMethodAccessorImpl.java:43)
at java.base/java.lang.reflect.Method.invoke(Method.java:566)
at org.testng.internal.MethodInvocationHelper.invokeMethod(MethodInvocationHelper.java:134)
at org.testng.internal.TestInvoker.invokeMethod(TestInvoker.java:597)
at org.testng.internal.TestInvoker.invokeTestMethod(TestInvoker.java:173)
at org.testng.internal.MethodRunner.runInSequence(MethodRunner.java:46)
at org.testng.internal.TestInvoker$MethodInvocationAgent.invoke(TestInvoker.java:816)
at org.testng.internal.TestInvoker.invokeTestMethods(TestInvoker.java:146)
at org.testng.internal.TestMethodWorker.invokeTestMethods(TestMethodWorker.java:146)
at org.testng.internal.TestMethodWorker.run(TestMethodWorker.java:128)
at java.base/java.util.ArrayList.forEach(ArrayList.java:1540)
at org.testng.TestRunner.privateRun(TestRunner.java:766)
at org.testng.TestRunner.run(TestRunner.java:587)
at org.testng.SuiteRunner.runTest(SuiteRunner.java:384)
at org.testng.SuiteRunner.runSequentially(SuiteRunner.java:378)
at org.testng.SuiteRunner.privateRun(SuiteRunner.java:337)
at org.testng.SuiteRunner.run(SuiteRunner.java:286)
at org.testng.SuiteRunnerWorker.runSuite(SuiteRunnerWorker.java:53)
at org.testng.SuiteRunnerWorker.run(SuiteRunnerWorker.java:96)
at org.testng.TestNG.runSuitesSequentially(TestNG.java:1187)
at org.testng.TestNG.runSuitesLocally(TestNG.java:1109)
at org.testng.TestNG.runSuites(TestNG.java:1039)
at org.testng.TestNG.run(TestNG.java:1007)
at org.testng.remote.AbstractRemoteTestNG.run(AbstractRemoteTestNG.java:115)
at org.testng.remote.RemoteTestNG.initAndRun(RemoteTestNG.java:251)
at org.testng.remote.RemoteTestNG.main(RemoteTestNG.java:77)
]]>
            </full-stacktrace>
          </exception> <!-- org.openqa.selenium.WebDriverException -->
          <reporter-output>
          </reporter-output>
        </test-method> <!-- validateRegistrationPageContent -->
        <test-method is-config="true" signature="tearDown()[pri:0, instance:com.bunchapp.testCases.OnboardingOptionsTest@c03cf28]" started-at="2020-06-16T10:52:00 EDT" name="tearDown" finished-at="2020-06-16T10:52:00 EDT" duration-ms="492" status="PASS">
          <reporter-output>
          </reporter-output>
        </test-method> <!-- tearDown -->
      </class> <!-- com.bunchapp.testCases.OnboardingOptionsTest -->
    </test> <!-- bunchapptests -->
  </suite> <!-- bunchapptestsuite -->
</testng-results>
