<?xml version="1.0" encoding="UTF-8"?>
<!-- Generated by org.testng.reporters.JUnitXMLReporter -->
<testsuite ignored="3" hostname="RR19-MB34.local" failures="4" tests="11" name="bunchapptests" time="137.749" errors="0" timestamp="2020-06-15T22:09:55 EDT">
  <testcase classname="com.bunchapp.testCases.OnboardingOptionsTest" name="validateContinueButton" time="5.812"/>
  <testcase classname="com.bunchapp.testCases.OnboardingOptionsTest" name="validateRegistrationPageContent" time="2.007"/>
  <testcase classname="com.bunchapp.testCases.RegistrationPageCountryTest" name="validateDefaultCountry" time="7.454"/>
  <testcase classname="com.bunchapp.testCases.RegistrationPageCountryTest" name="clickOnCountryCodebuttonSuccessfull" time="2.017"/>
  <testcase classname="com.bunchapp.testCases.RegistrationPageCountryTest" name="validateCountrySelection" time="3.286"/>
  <testcase classname="com.bunchapp.testCases.FilterCountryTest" name="validateCountryFilter" time="15.395"/>
  <testcase classname="com.bunchapp.testCases.FilterCountryTest" name="validateFilterSpecialCharacters" time="4.776">
    <failure type="java.lang.AssertionError" message="The Test case has failed as suggestions are still returned on the page expected [true] but found [false]">
      <![CDATA[java.lang.AssertionError: The Test case has failed as suggestions are still returned on the page expected [true] but found [false]
at com.bunchapp.testCases.FilterCountryTest.validateFilterSpecialCharacters(FilterCountryTest.java:70)
at java.base/java.util.ArrayList.forEach(ArrayList.java:1540)
... Removed 30 stack frames]]>
    </failure>
  </testcase> <!-- validateFilterSpecialCharacters -->
  <testcase classname="com.bunchapp.testCases.FilterCountryTest" name="validateCloseButton" time="0.972"/>
  <testcase classname="com.bunchapp.testCases.RegistrationUsingPhoneNumberTest" name="validateSpecialCharsNotAllowed" time="7.27">
    <failure type="org.openqa.selenium.StaleElementReferenceException" message="androidx.test.uiautomator.StaleObjectException
For documentation on this error, please visit: https://www.seleniumhq.org/exceptions/stale_element_reference.html
Build info: version: &amp;apos;3.141.59&amp;apos;, revision: &amp;apos;e82be7d358&amp;apos;, time: &amp;apos;2018-11-14T08:17:03&amp;apos;
System info: host: &amp;apos;RR19-MB34.local&amp;apos;, ip: &amp;apos;2601:86:600:5040:0:0:0:702b%en0&amp;apos;, os.name: &amp;apos;Mac OS X&amp;apos;, os.arch: &amp;apos;x86_64&amp;apos;, os.version: &amp;apos;10.14.3&amp;apos;, java.version: &amp;apos;11.0.2&amp;apos;
Driver info: io.appium.java_client.android.AndroidDriver
Capabilities {app: /Users/Anand/eclipse-worksp..., appActivity: live.bunch.group.video.chat..., appPackage: live.bunch.group.video.chat..., automationName: Appium, databaseEnabled: false, desired: {app: /Users/Anand/eclipse-worksp..., appActivity: live.bunch.group.video.chat..., appPackage: live.bunch.group.video.chat..., automationName: Appium, deviceName: OnePlus 5T, newCommandTimeout: 60, platformName: android, platformVersion: 9.0, udid: a62f14be}, deviceApiLevel: 28, deviceManufacturer: OnePlus, deviceModel: ONEPLUS A5010, deviceName: a62f14be, deviceScreenDensity: 380, deviceScreenSize: 1080x2160, deviceUDID: a62f14be, javascriptEnabled: true, locationContextEnabled: false, networkConnectionEnabled: true, newCommandTimeout: 60, pixelRatio: 2.375, platform: LINUX, platformName: Android, platformVersion: 9, statBarHeight: 57, takesScreenshot: true, udid: a62f14be, viewportRect: {height: 1989, left: 0, top: 57, width: 1080}, warnings: {}, webStorageEnabled: false}
Session ID: c923932d-78ab-4b0d-99fe-5d6cc9e926df">
      <![CDATA[org.openqa.selenium.StaleElementReferenceException: androidx.test.uiautomator.StaleObjectException
For documentation on this error, please visit: https://www.seleniumhq.org/exceptions/stale_element_reference.html
Build info: version: '3.141.59', revision: 'e82be7d358', time: '2018-11-14T08:17:03'
System info: host: 'RR19-MB34.local', ip: '2601:86:600:5040:0:0:0:702b%en0', os.name: 'Mac OS X', os.arch: 'x86_64', os.version: '10.14.3', java.version: '11.0.2'
Driver info: io.appium.java_client.android.AndroidDriver
Capabilities {app: /Users/Anand/eclipse-worksp..., appActivity: live.bunch.group.video.chat..., appPackage: live.bunch.group.video.chat..., automationName: Appium, databaseEnabled: false, desired: {app: /Users/Anand/eclipse-worksp..., appActivity: live.bunch.group.video.chat..., appPackage: live.bunch.group.video.chat..., automationName: Appium, deviceName: OnePlus 5T, newCommandTimeout: 60, platformName: android, platformVersion: 9.0, udid: a62f14be}, deviceApiLevel: 28, deviceManufacturer: OnePlus, deviceModel: ONEPLUS A5010, deviceName: a62f14be, deviceScreenDensity: 380, deviceScreenSize: 1080x2160, deviceUDID: a62f14be, javascriptEnabled: true, locationContextEnabled: false, networkConnectionEnabled: true, newCommandTimeout: 60, pixelRatio: 2.375, platform: LINUX, platformName: Android, platformVersion: 9, statBarHeight: 57, takesScreenshot: true, udid: a62f14be, viewportRect: {height: 1989, left: 0, top: 57, width: 1080}, warnings: {}, webStorageEnabled: false}
Session ID: c923932d-78ab-4b0d-99fe-5d6cc9e926df
at org.openqa.selenium.remote.http.W3CHttpResponseCodec.createException(W3CHttpResponseCodec.java:187)
at org.openqa.selenium.remote.http.W3CHttpResponseCodec.decode(W3CHttpResponseCodec.java:122)
at org.openqa.selenium.remote.http.W3CHttpResponseCodec.decode(W3CHttpResponseCodec.java:49)
at org.openqa.selenium.remote.HttpCommandExecutor.execute(HttpCommandExecutor.java:158)
at io.appium.java_client.remote.AppiumCommandExecutor.execute(AppiumCommandExecutor.java:239)
at org.openqa.selenium.remote.RemoteWebDriver.execute(RemoteWebDriver.java:552)
at io.appium.java_client.DefaultGenericMobileDriver.execute(DefaultGenericMobileDriver.java:41)
at io.appium.java_client.AppiumDriver.execute(AppiumDriver.java:1)
at io.appium.java_client.android.AndroidDriver.execute(AndroidDriver.java:1)
at org.openqa.selenium.remote.RemoteWebElement.execute(RemoteWebElement.java:285)
at io.appium.java_client.DefaultGenericMobileElement.execute(DefaultGenericMobileElement.java:45)
at io.appium.java_client.MobileElement.execute(MobileElement.java:1)
at io.appium.java_client.android.AndroidElement.execute(AndroidElement.java:1)
at org.openqa.selenium.remote.RemoteWebElement.sendKeys(RemoteWebElement.java:106)
at com.bunchapp.testCases.RegistrationUsingPhoneNumberTest.validateSpecialCharsNotAllowed(RegistrationUsingPhoneNumberTest.java:32)
at java.base/java.util.ArrayList.forEach(ArrayList.java:1540)
... Removed 31 stack frames]]>
    </failure>
  </testcase> <!-- validateSpecialCharsNotAllowed -->
  <testcase classname="com.bunchapp.testCases.RegistrationUsingPhoneNumberTest" name="validPhoneNumberRegistration" time="20.191">
    <failure type="org.openqa.selenium.NoSuchElementException" message="An element could not be located on the page using the given search parameters.
For documentation on this error, please visit: https://www.seleniumhq.org/exceptions/no_such_element.html
Build info: version: &amp;apos;3.141.59&amp;apos;, revision: &amp;apos;e82be7d358&amp;apos;, time: &amp;apos;2018-11-14T08:17:03&amp;apos;
System info: host: &amp;apos;RR19-MB34.local&amp;apos;, ip: &amp;apos;2601:86:600:5040:0:0:0:702b%en0&amp;apos;, os.name: &amp;apos;Mac OS X&amp;apos;, os.arch: &amp;apos;x86_64&amp;apos;, os.version: &amp;apos;10.14.3&amp;apos;, java.version: &amp;apos;11.0.2&amp;apos;
Driver info: io.appium.java_client.android.AndroidDriver
Capabilities {app: /Users/Anand/eclipse-worksp..., appActivity: live.bunch.group.video.chat..., appPackage: live.bunch.group.video.chat..., automationName: Appium, databaseEnabled: false, desired: {app: /Users/Anand/eclipse-worksp..., appActivity: live.bunch.group.video.chat..., appPackage: live.bunch.group.video.chat..., automationName: Appium, deviceName: OnePlus 5T, newCommandTimeout: 60, platformName: android, platformVersion: 9.0, udid: a62f14be}, deviceApiLevel: 28, deviceManufacturer: OnePlus, deviceModel: ONEPLUS A5010, deviceName: a62f14be, deviceScreenDensity: 380, deviceScreenSize: 1080x2160, deviceUDID: a62f14be, javascriptEnabled: true, locationContextEnabled: false, networkConnectionEnabled: true, newCommandTimeout: 60, pixelRatio: 2.375, platform: LINUX, platformName: Android, platformVersion: 9, statBarHeight: 57, takesScreenshot: true, udid: a62f14be, viewportRect: {height: 1989, left: 0, top: 57, width: 1080}, warnings: {}, webStorageEnabled: false}
Session ID: c923932d-78ab-4b0d-99fe-5d6cc9e926df
*** Element info: {Using=xpath, value=//*[@text=&amp;apos;Phone Number&amp;apos; and @class=&amp;apos;android.widget.EditText&amp;apos;]}">
      <![CDATA[org.openqa.selenium.NoSuchElementException: An element could not be located on the page using the given search parameters.
For documentation on this error, please visit: https://www.seleniumhq.org/exceptions/no_such_element.html
Build info: version: '3.141.59', revision: 'e82be7d358', time: '2018-11-14T08:17:03'
System info: host: 'RR19-MB34.local', ip: '2601:86:600:5040:0:0:0:702b%en0', os.name: 'Mac OS X', os.arch: 'x86_64', os.version: '10.14.3', java.version: '11.0.2'
Driver info: io.appium.java_client.android.AndroidDriver
Capabilities {app: /Users/Anand/eclipse-worksp..., appActivity: live.bunch.group.video.chat..., appPackage: live.bunch.group.video.chat..., automationName: Appium, databaseEnabled: false, desired: {app: /Users/Anand/eclipse-worksp..., appActivity: live.bunch.group.video.chat..., appPackage: live.bunch.group.video.chat..., automationName: Appium, deviceName: OnePlus 5T, newCommandTimeout: 60, platformName: android, platformVersion: 9.0, udid: a62f14be}, deviceApiLevel: 28, deviceManufacturer: OnePlus, deviceModel: ONEPLUS A5010, deviceName: a62f14be, deviceScreenDensity: 380, deviceScreenSize: 1080x2160, deviceUDID: a62f14be, javascriptEnabled: true, locationContextEnabled: false, networkConnectionEnabled: true, newCommandTimeout: 60, pixelRatio: 2.375, platform: LINUX, platformName: Android, platformVersion: 9, statBarHeight: 57, takesScreenshot: true, udid: a62f14be, viewportRect: {height: 1989, left: 0, top: 57, width: 1080}, warnings: {}, webStorageEnabled: false}
Session ID: c923932d-78ab-4b0d-99fe-5d6cc9e926df
*** Element info: {Using=xpath, value=//*[@text='Phone Number' and @class='android.widget.EditText']}
at org.openqa.selenium.remote.http.W3CHttpResponseCodec.createException(W3CHttpResponseCodec.java:187)
at org.openqa.selenium.remote.http.W3CHttpResponseCodec.decode(W3CHttpResponseCodec.java:122)
at org.openqa.selenium.remote.http.W3CHttpResponseCodec.decode(W3CHttpResponseCodec.java:49)
at org.openqa.selenium.remote.HttpCommandExecutor.execute(HttpCommandExecutor.java:158)
at io.appium.java_client.remote.AppiumCommandExecutor.execute(AppiumCommandExecutor.java:239)
at org.openqa.selenium.remote.RemoteWebDriver.execute(RemoteWebDriver.java:552)
at io.appium.java_client.DefaultGenericMobileDriver.execute(DefaultGenericMobileDriver.java:41)
at io.appium.java_client.AppiumDriver.execute(AppiumDriver.java:1)
at io.appium.java_client.android.AndroidDriver.execute(AndroidDriver.java:1)
at org.openqa.selenium.remote.RemoteWebDriver.findElement(RemoteWebDriver.java:323)
at io.appium.java_client.DefaultGenericMobileDriver.findElement(DefaultGenericMobileDriver.java:61)
at io.appium.java_client.AppiumDriver.findElement(AppiumDriver.java:1)
at io.appium.java_client.android.AndroidDriver.findElement(AndroidDriver.java:1)
at org.openqa.selenium.remote.RemoteWebDriver.findElementByXPath(RemoteWebDriver.java:428)
at io.appium.java_client.DefaultGenericMobileDriver.findElementByXPath(DefaultGenericMobileDriver.java:151)
at io.appium.java_client.AppiumDriver.findElementByXPath(AppiumDriver.java:1)
at io.appium.java_client.android.AndroidDriver.findElementByXPath(AndroidDriver.java:1)
at org.openqa.selenium.By$ByXPath.findElement(By.java:353)
at org.openqa.selenium.remote.RemoteWebDriver.findElement(RemoteWebDriver.java:315)
at io.appium.java_client.DefaultGenericMobileDriver.findElement(DefaultGenericMobileDriver.java:57)
at io.appium.java_client.AppiumDriver.findElement(AppiumDriver.java:1)
at io.appium.java_client.android.AndroidDriver.findElement(AndroidDriver.java:1)
at com.bunchapp.testCases.RegistrationUsingPhoneNumberTest.validPhoneNumberRegistration(RegistrationUsingPhoneNumberTest.java:53)
at java.base/java.util.ArrayList.forEach(ArrayList.java:1540)
... Removed 31 stack frames]]>
    </failure>
  </testcase> <!-- validPhoneNumberRegistration -->
  <testcase classname="com.bunchapp.testCases.RegistrationUsingPhoneNumberTest" name="invalidPhoneNumberRegistration" time="24.266">
    <failure type="org.openqa.selenium.NoSuchElementException" message="An element could not be located on the page using the given search parameters.
For documentation on this error, please visit: https://www.seleniumhq.org/exceptions/no_such_element.html
Build info: version: &amp;apos;3.141.59&amp;apos;, revision: &amp;apos;e82be7d358&amp;apos;, time: &amp;apos;2018-11-14T08:17:03&amp;apos;
System info: host: &amp;apos;RR19-MB34.local&amp;apos;, ip: &amp;apos;2601:86:600:5040:0:0:0:702b%en0&amp;apos;, os.name: &amp;apos;Mac OS X&amp;apos;, os.arch: &amp;apos;x86_64&amp;apos;, os.version: &amp;apos;10.14.3&amp;apos;, java.version: &amp;apos;11.0.2&amp;apos;
Driver info: io.appium.java_client.android.AndroidDriver
Capabilities {app: /Users/Anand/eclipse-worksp..., appActivity: live.bunch.group.video.chat..., appPackage: live.bunch.group.video.chat..., automationName: Appium, databaseEnabled: false, desired: {app: /Users/Anand/eclipse-worksp..., appActivity: live.bunch.group.video.chat..., appPackage: live.bunch.group.video.chat..., automationName: Appium, deviceName: OnePlus 5T, newCommandTimeout: 60, platformName: android, platformVersion: 9.0, udid: a62f14be}, deviceApiLevel: 28, deviceManufacturer: OnePlus, deviceModel: ONEPLUS A5010, deviceName: a62f14be, deviceScreenDensity: 380, deviceScreenSize: 1080x2160, deviceUDID: a62f14be, javascriptEnabled: true, locationContextEnabled: false, networkConnectionEnabled: true, newCommandTimeout: 60, pixelRatio: 2.375, platform: LINUX, platformName: Android, platformVersion: 9, statBarHeight: 57, takesScreenshot: true, udid: a62f14be, viewportRect: {height: 1989, left: 0, top: 57, width: 1080}, warnings: {}, webStorageEnabled: false}
Session ID: c923932d-78ab-4b0d-99fe-5d6cc9e926df
*** Element info: {Using=xpath, value=/hierarchy/android.widget.FrameLayout/android.widget.LinearLayout/android.widget.FrameLayout/android.widget.LinearLayout/android.widget.FrameLayout/android.widget.FrameLayout/android.view.ViewGroup/android.view.ViewGroup[2]/android.view.ViewGroup/android.view.ViewGroup/android.view.ViewGroup[2]/android.view.ViewGroup[2]/android.view.ViewGroup/android.view.ViewGroup/android.view.ViewGroup[2]/android.view.ViewGroup/android.widget.EditText}">
      <![CDATA[org.openqa.selenium.NoSuchElementException: An element could not be located on the page using the given search parameters.
For documentation on this error, please visit: https://www.seleniumhq.org/exceptions/no_such_element.html
Build info: version: '3.141.59', revision: 'e82be7d358', time: '2018-11-14T08:17:03'
System info: host: 'RR19-MB34.local', ip: '2601:86:600:5040:0:0:0:702b%en0', os.name: 'Mac OS X', os.arch: 'x86_64', os.version: '10.14.3', java.version: '11.0.2'
Driver info: io.appium.java_client.android.AndroidDriver
Capabilities {app: /Users/Anand/eclipse-worksp..., appActivity: live.bunch.group.video.chat..., appPackage: live.bunch.group.video.chat..., automationName: Appium, databaseEnabled: false, desired: {app: /Users/Anand/eclipse-worksp..., appActivity: live.bunch.group.video.chat..., appPackage: live.bunch.group.video.chat..., automationName: Appium, deviceName: OnePlus 5T, newCommandTimeout: 60, platformName: android, platformVersion: 9.0, udid: a62f14be}, deviceApiLevel: 28, deviceManufacturer: OnePlus, deviceModel: ONEPLUS A5010, deviceName: a62f14be, deviceScreenDensity: 380, deviceScreenSize: 1080x2160, deviceUDID: a62f14be, javascriptEnabled: true, locationContextEnabled: false, networkConnectionEnabled: true, newCommandTimeout: 60, pixelRatio: 2.375, platform: LINUX, platformName: Android, platformVersion: 9, statBarHeight: 57, takesScreenshot: true, udid: a62f14be, viewportRect: {height: 1989, left: 0, top: 57, width: 1080}, warnings: {}, webStorageEnabled: false}
Session ID: c923932d-78ab-4b0d-99fe-5d6cc9e926df
*** Element info: {Using=xpath, value=/hierarchy/android.widget.FrameLayout/android.widget.LinearLayout/android.widget.FrameLayout/android.widget.LinearLayout/android.widget.FrameLayout/android.widget.FrameLayout/android.view.ViewGroup/android.view.ViewGroup[2]/android.view.ViewGroup/android.view.ViewGroup/android.view.ViewGroup[2]/android.view.ViewGroup[2]/android.view.ViewGroup/android.view.ViewGroup/android.view.ViewGroup[2]/android.view.ViewGroup/android.widget.EditText}
at org.openqa.selenium.remote.http.W3CHttpResponseCodec.createException(W3CHttpResponseCodec.java:187)
at org.openqa.selenium.remote.http.W3CHttpResponseCodec.decode(W3CHttpResponseCodec.java:122)
at org.openqa.selenium.remote.http.W3CHttpResponseCodec.decode(W3CHttpResponseCodec.java:49)
at org.openqa.selenium.remote.HttpCommandExecutor.execute(HttpCommandExecutor.java:158)
at io.appium.java_client.remote.AppiumCommandExecutor.execute(AppiumCommandExecutor.java:239)
at org.openqa.selenium.remote.RemoteWebDriver.execute(RemoteWebDriver.java:552)
at io.appium.java_client.DefaultGenericMobileDriver.execute(DefaultGenericMobileDriver.java:41)
at io.appium.java_client.AppiumDriver.execute(AppiumDriver.java:1)
at io.appium.java_client.android.AndroidDriver.execute(AndroidDriver.java:1)
at org.openqa.selenium.remote.RemoteWebDriver.findElement(RemoteWebDriver.java:323)
at io.appium.java_client.DefaultGenericMobileDriver.findElement(DefaultGenericMobileDriver.java:61)
at io.appium.java_client.AppiumDriver.findElement(AppiumDriver.java:1)
at io.appium.java_client.android.AndroidDriver.findElement(AndroidDriver.java:1)
at org.openqa.selenium.remote.RemoteWebDriver.findElementByXPath(RemoteWebDriver.java:428)
at io.appium.java_client.DefaultGenericMobileDriver.findElementByXPath(DefaultGenericMobileDriver.java:151)
at io.appium.java_client.AppiumDriver.findElementByXPath(AppiumDriver.java:1)
at io.appium.java_client.android.AndroidDriver.findElementByXPath(AndroidDriver.java:1)
at org.openqa.selenium.By$ByXPath.findElement(By.java:353)
at org.openqa.selenium.remote.RemoteWebDriver.findElement(RemoteWebDriver.java:315)
at io.appium.java_client.DefaultGenericMobileDriver.findElement(DefaultGenericMobileDriver.java:57)
at io.appium.java_client.AppiumDriver.findElement(AppiumDriver.java:1)
at io.appium.java_client.android.AndroidDriver.findElement(AndroidDriver.java:1)
at com.bunchapp.testCases.RegistrationUsingPhoneNumberTest.invalidPhoneNumberRegistration(RegistrationUsingPhoneNumberTest.java:93)
at java.base/java.util.ArrayList.forEach(ArrayList.java:1540)
... Removed 31 stack frames]]>
    </failure>
  </testcase> <!-- invalidPhoneNumberRegistration -->
  <testcase classname="com.bunchapp.base.TestBase" name="@BeforeTest setup" time="0.0">
    <ignored/>
  </testcase> <!-- @BeforeTest setup -->
  <testcase classname="com.bunchapp.base.TestBase" name="@BeforeTest setup" time="0.0">
    <ignored/>
  </testcase> <!-- @BeforeTest setup -->
  <testcase classname="com.bunchapp.base.TestBase" name="@BeforeTest setup" time="0.0">
    <ignored/>
  </testcase> <!-- @BeforeTest setup -->
</testsuite> <!-- bunchapptests -->
