<?xml version="1.0" encoding="UTF-8"?>
<!-- Generated by org.testng.reporters.JUnitXMLReporter -->
<testsuite ignored="3" hostname="RR19-MB34.local" failures="3" tests="11" name="bunchapptests" time="136.916" errors="0" timestamp="2020-06-16T10:53:34 EDT">
  <testcase classname="com.bunchapp.testCases.OnboardingOptionsTest" name="validateContinueButton" time="15.931">
    <failure type="org.openqa.selenium.WebDriverException" message="An unknown server-side error occurred while processing the command. Original error: io.appium.uiautomator2.common.exceptions.UiAutomator2Exception: Timed out after 10000 milliseconds waiting for root AccessibilityNodeInfo
Build info: version: &amp;apos;3.141.59&amp;apos;, revision: &amp;apos;e82be7d358&amp;apos;, time: &amp;apos;2018-11-14T08:17:03&amp;apos;
System info: host: &amp;apos;RR19-MB34.local&amp;apos;, ip: &amp;apos;2601:86:600:5040:0:0:0:702b%en0&amp;apos;, os.name: &amp;apos;Mac OS X&amp;apos;, os.arch: &amp;apos;x86_64&amp;apos;, os.version: &amp;apos;10.14.3&amp;apos;, java.version: &amp;apos;11.0.2&amp;apos;
Driver info: io.appium.java_client.android.AndroidDriver
Capabilities {app: /Users/Anand/git/BunchApp_A..., appActivity: live.bunch.group.video.chat..., appPackage: live.bunch.group.video.chat..., automationName: Appium, databaseEnabled: false, desired: {app: /Users/Anand/git/BunchApp_A..., appActivity: live.bunch.group.video.chat..., appPackage: live.bunch.group.video.chat..., automationName: Appium, deviceName: OnePlus 5T, newCommandTimeout: 60, platformName: android, platformVersion: 9.0, udid: a62f14be}, deviceApiLevel: 28, deviceManufacturer: OnePlus, deviceModel: ONEPLUS A5010, deviceName: a62f14be, deviceScreenDensity: 380, deviceScreenSize: 1080x2160, deviceUDID: a62f14be, javascriptEnabled: true, locationContextEnabled: false, networkConnectionEnabled: true, newCommandTimeout: 60, pixelRatio: 2.375, platform: LINUX, platformName: Android, platformVersion: 9, statBarHeight: 57, takesScreenshot: true, udid: a62f14be, viewportRect: {height: 1989, left: 0, top: 57, width: 1080}, warnings: {}, webStorageEnabled: false}
Session ID: a7608800-1cf3-45ed-badf-1022346b7cf2
*** Element info: {Using=xpath, value=//*[(@text = &amp;apos;Continue with SMS&amp;apos;)]}">
      <![CDATA[org.openqa.selenium.WebDriverException: An unknown server-side error occurred while processing the command. Original error: io.appium.uiautomator2.common.exceptions.UiAutomator2Exception: Timed out after 10000 milliseconds waiting for root AccessibilityNodeInfo
Build info: version: '3.141.59', revision: 'e82be7d358', time: '2018-11-14T08:17:03'
System info: host: 'RR19-MB34.local', ip: '2601:86:600:5040:0:0:0:702b%en0', os.name: 'Mac OS X', os.arch: 'x86_64', os.version: '10.14.3', java.version: '11.0.2'
Driver info: io.appium.java_client.android.AndroidDriver
Capabilities {app: /Users/Anand/git/BunchApp_A..., appActivity: live.bunch.group.video.chat..., appPackage: live.bunch.group.video.chat..., automationName: Appium, databaseEnabled: false, desired: {app: /Users/Anand/git/BunchApp_A..., appActivity: live.bunch.group.video.chat..., appPackage: live.bunch.group.video.chat..., automationName: Appium, deviceName: OnePlus 5T, newCommandTimeout: 60, platformName: android, platformVersion: 9.0, udid: a62f14be}, deviceApiLevel: 28, deviceManufacturer: OnePlus, deviceModel: ONEPLUS A5010, deviceName: a62f14be, deviceScreenDensity: 380, deviceScreenSize: 1080x2160, deviceUDID: a62f14be, javascriptEnabled: true, locationContextEnabled: false, networkConnectionEnabled: true, newCommandTimeout: 60, pixelRatio: 2.375, platform: LINUX, platformName: Android, platformVersion: 9, statBarHeight: 57, takesScreenshot: true, udid: a62f14be, viewportRect: {height: 1989, left: 0, top: 57, width: 1080}, warnings: {}, webStorageEnabled: false}
Session ID: a7608800-1cf3-45ed-badf-1022346b7cf2
*** Element info: {Using=xpath, value=//*[(@text = 'Continue with SMS')]}
at org.openqa.selenium.remote.http.W3CHttpResponseCodec.createException(W3CHttpResponseCodec.java:187)
at org.openqa.selenium.remote.http.W3CHttpResponseCodec.decode(W3CHttpResponseCodec.java:122)
at org.openqa.selenium.remote.http.W3CHttpResponseCodec.decode(W3CHttpResponseCodec.java:49)
at org.openqa.selenium.remote.HttpCommandExecutor.execute(HttpCommandExecutor.java:158)
at io.appium.java_client.remote.AppiumCommandExecutor.execute(AppiumCommandExecutor.java:239)
at org.openqa.selenium.remote.RemoteWebDriver.execute(RemoteWebDriver.java:552)
at io.appium.java_client.DefaultGenericMobileDriver.execute(DefaultGenericMobileDriver.java:41)
at io.appium.java_client.AppiumDriver.execute(AppiumDriver.java:1)
at io.appium.java_client.android.AndroidDriver.execute(AndroidDriver.java:1)
at org.openqa.selenium.remote.RemoteWebDriver.findElement(RemoteWebDriver.java:323)
at io.appium.java_client.DefaultGenericMobileDriver.findElement(DefaultGenericMobileDriver.java:61)
at io.appium.java_client.AppiumDriver.findElement(AppiumDriver.java:1)
at io.appium.java_client.android.AndroidDriver.findElement(AndroidDriver.java:1)
at org.openqa.selenium.remote.RemoteWebDriver.findElementByXPath(RemoteWebDriver.java:428)
at io.appium.java_client.DefaultGenericMobileDriver.findElementByXPath(DefaultGenericMobileDriver.java:151)
at io.appium.java_client.AppiumDriver.findElementByXPath(AppiumDriver.java:1)
at io.appium.java_client.android.AndroidDriver.findElementByXPath(AndroidDriver.java:1)
at org.openqa.selenium.By$ByXPath.findElement(By.java:353)
at org.openqa.selenium.remote.RemoteWebDriver.findElement(RemoteWebDriver.java:315)
at io.appium.java_client.DefaultGenericMobileDriver.findElement(DefaultGenericMobileDriver.java:57)
at io.appium.java_client.AppiumDriver.findElement(AppiumDriver.java:1)
at io.appium.java_client.android.AndroidDriver.findElement(AndroidDriver.java:1)
at com.bunchapp.testCases.OnboardingOptionsTest.validateContinueButton(OnboardingOptionsTest.java:23)
at java.base/java.util.ArrayList.forEach(ArrayList.java:1540)
... Removed 31 stack frames]]>
    </failure>
  </testcase> <!-- validateContinueButton -->
  <testcase classname="com.bunchapp.testCases.OnboardingOptionsTest" name="validateRegistrationPageContent" time="15.645">
    <failure type="org.openqa.selenium.WebDriverException" message="An unknown server-side error occurred while processing the command. Original error: io.appium.uiautomator2.common.exceptions.UiAutomator2Exception: Timed out after 10000 milliseconds waiting for root AccessibilityNodeInfo
Build info: version: &amp;apos;3.141.59&amp;apos;, revision: &amp;apos;e82be7d358&amp;apos;, time: &amp;apos;2018-11-14T08:17:03&amp;apos;
System info: host: &amp;apos;RR19-MB34.local&amp;apos;, ip: &amp;apos;2601:86:600:5040:0:0:0:702b%en0&amp;apos;, os.name: &amp;apos;Mac OS X&amp;apos;, os.arch: &amp;apos;x86_64&amp;apos;, os.version: &amp;apos;10.14.3&amp;apos;, java.version: &amp;apos;11.0.2&amp;apos;
Driver info: io.appium.java_client.android.AndroidDriver
Capabilities {app: /Users/Anand/git/BunchApp_A..., appActivity: live.bunch.group.video.chat..., appPackage: live.bunch.group.video.chat..., automationName: Appium, databaseEnabled: false, desired: {app: /Users/Anand/git/BunchApp_A..., appActivity: live.bunch.group.video.chat..., appPackage: live.bunch.group.video.chat..., automationName: Appium, deviceName: OnePlus 5T, newCommandTimeout: 60, platformName: android, platformVersion: 9.0, udid: a62f14be}, deviceApiLevel: 28, deviceManufacturer: OnePlus, deviceModel: ONEPLUS A5010, deviceName: a62f14be, deviceScreenDensity: 380, deviceScreenSize: 1080x2160, deviceUDID: a62f14be, javascriptEnabled: true, locationContextEnabled: false, networkConnectionEnabled: true, newCommandTimeout: 60, pixelRatio: 2.375, platform: LINUX, platformName: Android, platformVersion: 9, statBarHeight: 57, takesScreenshot: true, udid: a62f14be, viewportRect: {height: 1989, left: 0, top: 57, width: 1080}, warnings: {}, webStorageEnabled: false}
Session ID: a7608800-1cf3-45ed-badf-1022346b7cf2
*** Element info: {Using=xpath, value=/hierarchy/android.widget.FrameLayout/android.widget.LinearLayout/android.widget.FrameLayout/android.widget.LinearLayout/android.widget.FrameLayout/android.widget.FrameLayout/android.view.ViewGroup/android.view.ViewGroup[2]/android.view.ViewGroup/android.view.ViewGroup/android.view.ViewGroup[2]/android.view.ViewGroup[2]/android.view.ViewGroup/android.view.ViewGroup/android.widget.TextView}">
      <![CDATA[org.openqa.selenium.WebDriverException: An unknown server-side error occurred while processing the command. Original error: io.appium.uiautomator2.common.exceptions.UiAutomator2Exception: Timed out after 10000 milliseconds waiting for root AccessibilityNodeInfo
Build info: version: '3.141.59', revision: 'e82be7d358', time: '2018-11-14T08:17:03'
System info: host: 'RR19-MB34.local', ip: '2601:86:600:5040:0:0:0:702b%en0', os.name: 'Mac OS X', os.arch: 'x86_64', os.version: '10.14.3', java.version: '11.0.2'
Driver info: io.appium.java_client.android.AndroidDriver
Capabilities {app: /Users/Anand/git/BunchApp_A..., appActivity: live.bunch.group.video.chat..., appPackage: live.bunch.group.video.chat..., automationName: Appium, databaseEnabled: false, desired: {app: /Users/Anand/git/BunchApp_A..., appActivity: live.bunch.group.video.chat..., appPackage: live.bunch.group.video.chat..., automationName: Appium, deviceName: OnePlus 5T, newCommandTimeout: 60, platformName: android, platformVersion: 9.0, udid: a62f14be}, deviceApiLevel: 28, deviceManufacturer: OnePlus, deviceModel: ONEPLUS A5010, deviceName: a62f14be, deviceScreenDensity: 380, deviceScreenSize: 1080x2160, deviceUDID: a62f14be, javascriptEnabled: true, locationContextEnabled: false, networkConnectionEnabled: true, newCommandTimeout: 60, pixelRatio: 2.375, platform: LINUX, platformName: Android, platformVersion: 9, statBarHeight: 57, takesScreenshot: true, udid: a62f14be, viewportRect: {height: 1989, left: 0, top: 57, width: 1080}, warnings: {}, webStorageEnabled: false}
Session ID: a7608800-1cf3-45ed-badf-1022346b7cf2
*** Element info: {Using=xpath, value=/hierarchy/android.widget.FrameLayout/android.widget.LinearLayout/android.widget.FrameLayout/android.widget.LinearLayout/android.widget.FrameLayout/android.widget.FrameLayout/android.view.ViewGroup/android.view.ViewGroup[2]/android.view.ViewGroup/android.view.ViewGroup/android.view.ViewGroup[2]/android.view.ViewGroup[2]/android.view.ViewGroup/android.view.ViewGroup/android.widget.TextView}
at org.openqa.selenium.remote.http.W3CHttpResponseCodec.createException(W3CHttpResponseCodec.java:187)
at org.openqa.selenium.remote.http.W3CHttpResponseCodec.decode(W3CHttpResponseCodec.java:122)
at org.openqa.selenium.remote.http.W3CHttpResponseCodec.decode(W3CHttpResponseCodec.java:49)
at org.openqa.selenium.remote.HttpCommandExecutor.execute(HttpCommandExecutor.java:158)
at io.appium.java_client.remote.AppiumCommandExecutor.execute(AppiumCommandExecutor.java:239)
at org.openqa.selenium.remote.RemoteWebDriver.execute(RemoteWebDriver.java:552)
at io.appium.java_client.DefaultGenericMobileDriver.execute(DefaultGenericMobileDriver.java:41)
at io.appium.java_client.AppiumDriver.execute(AppiumDriver.java:1)
at io.appium.java_client.android.AndroidDriver.execute(AndroidDriver.java:1)
at org.openqa.selenium.remote.RemoteWebDriver.findElement(RemoteWebDriver.java:323)
at io.appium.java_client.DefaultGenericMobileDriver.findElement(DefaultGenericMobileDriver.java:61)
at io.appium.java_client.AppiumDriver.findElement(AppiumDriver.java:1)
at io.appium.java_client.android.AndroidDriver.findElement(AndroidDriver.java:1)
at org.openqa.selenium.remote.RemoteWebDriver.findElementByXPath(RemoteWebDriver.java:428)
at io.appium.java_client.DefaultGenericMobileDriver.findElementByXPath(DefaultGenericMobileDriver.java:151)
at io.appium.java_client.AppiumDriver.findElementByXPath(AppiumDriver.java:1)
at io.appium.java_client.android.AndroidDriver.findElementByXPath(AndroidDriver.java:1)
at org.openqa.selenium.By$ByXPath.findElement(By.java:353)
at org.openqa.selenium.remote.RemoteWebDriver.findElement(RemoteWebDriver.java:315)
at io.appium.java_client.DefaultGenericMobileDriver.findElement(DefaultGenericMobileDriver.java:57)
at io.appium.java_client.AppiumDriver.findElement(AppiumDriver.java:1)
at io.appium.java_client.android.AndroidDriver.findElement(AndroidDriver.java:1)
at com.bunchapp.testCases.OnboardingOptionsTest.validateRegistrationPageContent(OnboardingOptionsTest.java:36)
at java.base/java.util.ArrayList.forEach(ArrayList.java:1540)
... Removed 31 stack frames]]>
    </failure>
  </testcase> <!-- validateRegistrationPageContent -->
  <testcase classname="com.bunchapp.testCases.RegistrationPageCountryTest" name="validateDefaultCountry" time="7.384"/>
  <testcase classname="com.bunchapp.testCases.RegistrationPageCountryTest" name="clickOnCountryCodebuttonSuccessfull" time="2.004"/>
  <testcase classname="com.bunchapp.testCases.RegistrationPageCountryTest" name="validateCountrySelection" time="2.601"/>
  <testcase classname="com.bunchapp.testCases.FilterCountryTest" name="validateCountryFilter" time="14.069"/>
  <testcase classname="com.bunchapp.testCases.FilterCountryTest" name="validateFilterSpecialCharacters" time="4.563">
    <failure type="java.lang.AssertionError" message="The Test case has failed as suggestions are still returned on the page expected [true] but found [false]">
      <![CDATA[java.lang.AssertionError: The Test case has failed as suggestions are still returned on the page expected [true] but found [false]
at com.bunchapp.testCases.FilterCountryTest.validateFilterSpecialCharacters(FilterCountryTest.java:70)
at java.base/java.util.ArrayList.forEach(ArrayList.java:1540)
... Removed 30 stack frames]]>
    </failure>
  </testcase> <!-- validateFilterSpecialCharacters -->
  <testcase classname="com.bunchapp.testCases.FilterCountryTest" name="validateCloseButton" time="1.1"/>
  <testcase classname="com.bunchapp.testCases.RegistrationUsingPhoneNumberTest" name="validateSpecialCharsNotAllowed" time="8.076"/>
  <testcase classname="com.bunchapp.testCases.RegistrationUsingPhoneNumberTest" name="validPhoneNumberRegistration" time="10.402"/>
  <testcase classname="com.bunchapp.testCases.RegistrationUsingPhoneNumberTest" name="invalidPhoneNumberRegistration" time="10.595"/>
  <testcase classname="com.bunchapp.base.TestBase" name="@BeforeTest setup" time="0.0">
    <ignored/>
  </testcase> <!-- @BeforeTest setup -->
  <testcase classname="com.bunchapp.base.TestBase" name="@BeforeTest setup" time="0.0">
    <ignored/>
  </testcase> <!-- @BeforeTest setup -->
  <testcase classname="com.bunchapp.base.TestBase" name="@BeforeTest setup" time="0.0">
    <ignored/>
  </testcase> <!-- @BeforeTest setup -->
</testsuite> <!-- bunchapptests -->
